2022-08-02 23:30:55 Loading main app package /tmp/.mount_ObsidiAFMAeB/resources/obsidian.asar
2022-08-02 23:30:56 Checking for update using Github
2022-08-02 23:30:56 Success.
2022-08-02 23:30:56 Latest version is 0.15.9
2022-08-02 23:30:56 Downloading update from https://github.com/obsidianmd/obsidian-releases/releases/download/v0.15.9/obsidian-0.15.9.asar.gz
2022-08-02 23:31:38 Loading main app package /tmp/.mount_ObsidinjVJ3a/resources/obsidian.asar
2022-08-02 23:31:39 Checking for update using Github
2022-08-02 23:31:39 Success.
2022-08-02 23:31:39 Latest version is 0.15.9
2022-08-02 23:31:39 Downloading update from https://github.com/obsidianmd/obsidian-releases/releases/download/v0.15.9/obsidian-0.15.9.asar.gz
2022-08-02 23:32:01 Verifying hash & signature. Size= 5641851
2022-08-02 23:32:01 Saving file
2022-08-02 23:32:01 Update complete.
2022-08-11 03:41:51 Loading updated app package /home/jason/.config/obsidian/obsidian-0.15.9.asar
2022-08-11 03:41:51 Checking for update using Github
2022-08-11 03:41:52 Success.
2022-08-11 03:41:52 Latest version is 0.15.9
2022-08-11 03:41:52 App is up to date.
2022-08-11 15:01:49 Checking for update using Github
2022-08-11 15:01:49 Success.
2022-08-11 15:01:49 Latest version is 0.15.9
2022-08-11 15:01:49 App is up to date.
2022-08-11 16:01:49 Checking for update using Github
2022-08-11 16:01:49 Success.
2022-08-11 16:01:49 Latest version is 0.15.9
2022-08-11 16:01:49 App is up to date.
2022-08-11 17:01:49 Checking for update using Github
2022-08-11 17:01:49 Success.
2022-08-11 17:01:49 Latest version is 0.15.9
2022-08-11 17:01:49 App is up to date.
2022-08-11 18:01:49 Checking for update using Github
2022-08-11 18:01:49 Success.
2022-08-11 18:01:49 Latest version is 0.15.9
2022-08-11 18:01:49 App is up to date.
2022-08-11 19:01:49 Checking for update using Github
2022-08-11 19:01:49 Success.
2022-08-11 19:01:49 Latest version is 0.15.9
2022-08-11 19:01:49 App is up to date.
2022-08-11 20:01:49 Checking for update using Github
2022-08-11 20:01:49 Success.
2022-08-11 20:01:49 Latest version is 0.15.9
2022-08-11 20:01:49 App is up to date.
2022-08-11 21:01:49 Checking for update using Github
2022-08-11 21:01:50 Success.
2022-08-11 21:01:50 Latest version is 0.15.9
2022-08-11 21:01:50 App is up to date.
2022-08-11 22:01:50 Checking for update using Github
2022-08-11 22:01:50 Success.
2022-08-11 22:01:50 Latest version is 0.15.9
2022-08-11 22:01:50 App is up to date.
2022-08-11 23:01:50 Checking for update using Github
2022-08-11 23:01:50 Success.
2022-08-11 23:01:50 Latest version is 0.15.9
2022-08-11 23:01:50 App is up to date.
2022-08-12 19:57:46 Checking for update using Github
2022-08-12 19:57:46 Success.
2022-08-12 19:57:46 Latest version is 0.15.9
2022-08-12 19:57:46 App is up to date.
2022-08-12 20:57:46 Checking for update using Github
2022-08-12 20:57:46 Success.
2022-08-12 20:57:46 Latest version is 0.15.9
2022-08-12 20:57:46 App is up to date.
2022-08-13 02:17:38 Checking for update using Github
2022-08-13 02:17:38 Success.
2022-08-13 02:17:38 Latest version is 0.15.9
2022-08-13 02:17:38 App is up to date.
2022-08-13 13:54:23 Checking for update using Github
2022-08-13 13:54:23 Success.
2022-08-13 13:54:23 Latest version is 0.15.9
2022-08-13 13:54:23 App is up to date.
2022-08-13 14:54:23 Checking for update using Github
2022-08-13 14:54:23 Success.
2022-08-13 14:54:23 Latest version is 0.15.9
2022-08-13 14:54:23 App is up to date.
2022-08-13 15:54:23 Checking for update using Github
2022-08-13 15:54:24 Success.
2022-08-13 15:54:24 Latest version is 0.15.9
2022-08-13 15:54:24 App is up to date.
2022-08-13 16:54:23 Checking for update using Github
2022-08-13 16:54:23 Success.
2022-08-13 16:54:23 Latest version is 0.15.9
2022-08-13 16:54:23 App is up to date.
2022-08-13 19:00:59 Checking for update using Github
2022-08-13 19:00:59 Success.
2022-08-13 19:00:59 Latest version is 0.15.9
2022-08-13 19:00:59 App is up to date.
